<?xml version="1.0" encoding="UTF-8"?>
<testsuite name="com.application.phoneBook.Services.UserServiceTest" tests="4" skipped="0" failures="0" errors="0" timestamp="2021-04-22T09:51:33" hostname="DESKTOP-7B9QHMI" time="0.003">
  <properties/>
  <testcase name="addUser" classname="com.application.phoneBook.Services.UserServiceTest" time="0.0"/>
  <testcase name="updateUser" classname="com.application.phoneBook.Services.UserServiceTest" time="0.002"/>
  <testcase name="findUserByNameOrFragment" classname="com.application.phoneBook.Services.UserServiceTest" time="0.001"/>
  <testcase name="deleteUser" classname="com.application.phoneBook.Services.UserServiceTest" time="0.0"/>
  <system-out><![CDATA[]]></system-out>
  <system-err><![CDATA[]]></system-err>
</testsuite>
